Determining if the pthread_create exist failed with the following output:
Change Dir: /home/pi/mjpg-streamer/mjpg-streamer-experimental/_build/CMakeFiles/CMakeTmp

Run Build Command:"/usr/bin/make" "cmTryCompileExec3215627532/fast"
make[1]: Entering directory '/home/pi/mjpg-streamer/mjpg-streamer-experimental/_build/CMakeFiles/CMakeTmp'
/usr/bin/make -f CMakeFiles/cmTryCompileExec3215627532.dir/build.make CMakeFiles/cmTryCompileExec3215627532.dir/build
make[2]: Entering directory '/home/pi/mjpg-streamer/mjpg-streamer-experimental/_build/CMakeFiles/CMakeTmp'
/usr/bin/cmake -E cmake_progress_report /home/pi/mjpg-streamer/mjpg-streamer-experimental/_build/CMakeFiles/CMakeTmp/CMakeFiles 1
Building C object CMakeFiles/cmTryCompileExec3215627532.dir/CheckSymbolExists.c.o
/usr/bin/cc    -o CMakeFiles/cmTryCompileExec3215627532.dir/CheckSymbolExists.c.o   -c /home/pi/mjpg-streamer/mjpg-streamer-experimental/_build/CMakeFiles/CMakeTmp/CheckSymbolExists.c
Linking C executable cmTryCompileExec3215627532
/usr/bin/cmake -E cmake_link_script CMakeFiles/cmTryCompileExec3215627532.dir/link.txt --verbose=1
/usr/bin/cc       CMakeFiles/cmTryCompileExec3215627532.dir/CheckSymbolExists.c.o  -o cmTryCompileExec3215627532 -rdynamic 
CMakeFiles/cmTryCompileExec3215627532.dir/CheckSymbolExists.c.o: In function `main':
CheckSymbolExists.c:(.text+0x38): undefined reference to `pthread_create'
collect2: error: ld returned 1 exit status
CMakeFiles/cmTryCompileExec3215627532.dir/build.make:88: recipe for target 'cmTryCompileExec3215627532' failed
make[2]: *** [cmTryCompileExec3215627532] Error 1
make[2]: Leaving directory '/home/pi/mjpg-streamer/mjpg-streamer-experimental/_build/CMakeFiles/CMakeTmp'
Makefile:118: recipe for target 'cmTryCompileExec3215627532/fast' failed
make[1]: *** [cmTryCompileExec3215627532/fast] Error 2
make[1]: Leaving directory '/home/pi/mjpg-streamer/mjpg-streamer-experimental/_build/CMakeFiles/CMakeTmp'

File /home/pi/mjpg-streamer/mjpg-streamer-experimental/_build/CMakeFiles/CMakeTmp/CheckSymbolExists.c:
/* */
#include <pthread.h>

int main(int argc, char** argv)
{
  (void)argv;
#ifndef pthread_create
  return ((int*)(&pthread_create))[argc];
#else
  (void)argc;
  return 0;
#endif
}

Determining if the function pthread_create exists in the pthreads failed with the following output:
Change Dir: /home/pi/mjpg-streamer/mjpg-streamer-experimental/_build/CMakeFiles/CMakeTmp

Run Build Command:"/usr/bin/make" "cmTryCompileExec212430345/fast"
make[1]: Entering directory '/home/pi/mjpg-streamer/mjpg-streamer-experimental/_build/CMakeFiles/CMakeTmp'
/usr/bin/make -f CMakeFiles/cmTryCompileExec212430345.dir/build.make CMakeFiles/cmTryCompileExec212430345.dir/build
make[2]: Entering directory '/home/pi/mjpg-streamer/mjpg-streamer-experimental/_build/CMakeFiles/CMakeTmp'
/usr/bin/cmake -E cmake_progress_report /home/pi/mjpg-streamer/mjpg-streamer-experimental/_build/CMakeFiles/CMakeTmp/CMakeFiles 1
Building C object CMakeFiles/cmTryCompileExec212430345.dir/CheckFunctionExists.c.o
/usr/bin/cc   -DCHECK_FUNCTION_EXISTS=pthread_create   -o CMakeFiles/cmTryCompileExec212430345.dir/CheckFunctionExists.c.o   -c /usr/share/cmake-3.0/Modules/CheckFunctionExists.c
Linking C executable cmTryCompileExec212430345
/usr/bin/cmake -E cmake_link_script CMakeFiles/cmTryCompileExec212430345.dir/link.txt --verbose=1
/usr/bin/cc   -DCHECK_FUNCTION_EXISTS=pthread_create    CMakeFiles/cmTryCompileExec212430345.dir/CheckFunctionExists.c.o  -o cmTryCompileExec212430345 -rdynamic -lpthreads 
/usr/bin/ld: cannot find -lpthreads
collect2: error: ld returned 1 exit status
CMakeFiles/cmTryCompileExec212430345.dir/build.make:88: recipe for target 'cmTryCompileExec212430345' failed
make[2]: Leaving directory '/home/pi/mjpg-streamer/mjpg-streamer-experimental/_build/CMakeFiles/CMakeTmp'
make[2]: *** [cmTryCompileExec212430345] Error 1
Makefile:118: recipe for target 'cmTryCompileExec212430345/fast' failed
make[1]: *** [cmTryCompileExec212430345/fast] Error 2
make[1]: Leaving directory '/home/pi/mjpg-streamer/mjpg-streamer-experimental/_build/CMakeFiles/CMakeTmp'


